Arguments: 
  D:\nodejs\node.exe D:\nodejs\node_modules\yarn\bin\yarn.js add react react-dom

PATH: 
  F:\react-typescript-webpack\node_modules\.bin;D:\git-sdk-64\usr\bin;C:\WINDOWS\system32;C:\WINDOWS;C:\WINDOWS\System32\Wbem;C:\WINDOWS\System32\WindowsPowerShell\v1.0\;C:\WINDOWS\System32\OpenSSH\;C:\Program Files\Git\cmd;D:\nodejs\;C:\Program Files\PowerShell\7\;D:\Microsoft VS Code\bin;D:\Bandizip\;;D:\WebStorm 2021.2.2\bin;

Yarn version: 
  1.22.10

Node version: 
  14.17.3

Platform: 
  win32 x64

Trace: 
  Error: getaddrinfo EAI_FAIL registry.yarnpkg.com
      at GetAddrInfoReqWrap.onlookup [as oncomplete] (dns.js:69:26)

npm manifest: 
  {
    "name": "react-typescript-webpack",
    "version": "1.0.0",
    "description": "React-TypeScript-Webpack",
    "main": "index.html",
    "scripts": {
      "test": "echo \"Error: no test specified\" && exit 1"
    },
    "author": "",
    "license": "ISC"
  }

yarn manifest: 
  No manifest

Lockfile: 
  No lockfile
